<?xml version="1.0" encoding="UTF-8"?>
<!-- Generated by org.testng.reporters.JUnitXMLReporter -->
<testsuite ignored="0" hostname="DESKTOP-JA66JT5" failures="1" tests="2" name="Error Validations Test" time="24.164" errors="0" timestamp="2026-04-06T16:30:47 IST">
  <testcase classname="Project_K.test.ErrorValidations" name="LoginErrorValidation" time="0.535">
    <failure type="java.lang.AssertionError" message="expected [Incorrect email or password.] but found [Incorrect email or passwor.]">
      <![CDATA[java.lang.AssertionError: expected [Incorrect email or password.] but found [Incorrect email or passwor.]
at Project_K.test.ErrorValidations.LoginErrorValidation(ErrorValidations.java:22)
at java.base/java.util.ArrayList.forEach(ArrayList.java:1596)
... Removed 31 stack frames]]>
    </failure>
  </testcase> <!-- LoginErrorValidation -->
  <testcase classname="Project_K.test.ErrorValidations" name="productValidation" time="13.199"/>
</testsuite> <!-- Error Validations Test -->
