<?xml version="1.0" encoding="UTF-8"?>
<!-- Generated by org.testng.reporters.JUnitXMLReporter -->
<testsuite ignored="0" hostname="DESKTOP-JA66JT5" failures="0" tests="3" name="SubmitOrderTest" time="79.866" errors="0" timestamp="2026-04-05T12:26:45 IST">
  <testcase classname="Project_K.test.SubmitOrderTest" name="SubmitOrder" time="25.614"/>
  <testcase classname="Project_K.test.SubmitOrderTest" name="SubmitOrder" time="14.523"/>
  <testcase classname="Project_K.test.SubmitOrderTest" name="OrderHistoryTest" time="1.143"/>
</testsuite> <!-- SubmitOrderTest -->
