<?xml version="1.0" encoding="UTF-8"?>
<!-- Generated by org.testng.reporters.JUnitXMLReporter -->
<testsuite ignored="0" hostname="DESKTOP-JA66JT5" failures="0" tests="2" name="Error Validations Test" time="27.925" errors="0" timestamp="2026-04-06T18:38:15 IST">
  <testcase classname="Project_K.test.ErrorValidations" name="LoginErrorValidation" time="0.475"/>
  <testcase classname="Project_K.test.ErrorValidations" name="productValidation" time="13.42"/>
</testsuite> <!-- Error Validations Test -->
