<?xml version="1.0" encoding="UTF-8"?>
<!-- Generated by org.testng.reporters.JUnitXMLReporter -->
<testsuite ignored="2" hostname="DESKTOP-JA66JT5" failures="0" tests="0" time="0.0" errors="0" timestamp="2026-04-08T16:37:17 IST">
  <testcase classname="Project_K.test.ErrorValidations" name="productValidation" time="0.0">
    <ignored/>
  </testcase> <!-- productValidation -->
  <testcase classname="Project_K.test.ErrorValidations" name="LoginErrorValidation" time="0.0">
    <ignored/>
  </testcase> <!-- LoginErrorValidation -->
</testsuite>
