<?xml version="1.0" encoding="UTF-8"?>
<!-- Generated by org.testng.reporters.JUnitXMLReporter -->
<testsuite ignored="0" hostname="DESKTOP-JA66JT5" failures="0" tests="3" name="SubmitOrderTest" time="56.388" errors="0" timestamp="2026-04-06T17:47:18 IST">
  <testcase classname="Project_K.test.SubmitOrderTest" name="SubmitOrder" time="17.751"/>
  <testcase classname="Project_K.test.SubmitOrderTest" name="SubmitOrder" time="14.68"/>
  <testcase classname="Project_K.test.SubmitOrderTest" name="OrderHistoryTest" time="0.85"/>
</testsuite> <!-- SubmitOrderTest -->
