<?xml version="1.0" encoding="UTF-8"?>
<!-- Generated by org.testng.reporters.JUnitXMLReporter -->
<testsuite ignored="0" hostname="DESKTOP-JA66JT5" failures="0" tests="0" time="0.023" errors="0" timestamp="2026-04-08T15:58:03 IST">
  <testcase classname="Projet_K.testcomponents.BaseTest" name="@BeforeMethod LaunchApplication" time="-1.77564408259E9">
    <failure type="org.testng.TestNGException" message="
Parameter &amp;apos;BrowerName&amp;apos; is required by BeforeMethod on method LaunchApplication but has not been marked @Optional or defined
in C:\Users\Admin\Desktop\personal\udemy\cloneproject\Project_K_clone\TestSuites\testng.xml">
      <![CDATA[org.testng.TestNGException: 
Parameter 'BrowerName' is required by BeforeMethod on method LaunchApplication but has not been marked @Optional or defined
in C:\Users\Admin\Desktop\personal\udemy\cloneproject\Project_K_clone\TestSuites\testng.xml
at java.base/java.util.ArrayList.forEach(ArrayList.java:1604)
at java.base/java.util.concurrent.FutureTask.run(FutureTask.java:328)
at java.base/java.util.concurrent.ThreadPoolExecutor.runWorker(ThreadPoolExecutor.java:1090)
at java.base/java.util.concurrent.ThreadPoolExecutor$Worker.run(ThreadPoolExecutor.java:614)
at java.base/java.lang.Thread.run(Thread.java:1474)
... Removed 18 stack frames]]>
    </failure>
  </testcase> <!-- @BeforeMethod LaunchApplication -->
</testsuite>
