<?xml version="1.0" encoding="UTF-8"?>
<testng-results ignored="2" total="4" passed="2" failed="0" skipped="0">
  <reporter-output>
  </reporter-output>
  <suite started-at="2026-04-06T18:37:46 IST" name="Suite" finished-at="2026-04-06T18:38:15 IST" duration-ms="28599">
    <groups>
      <group name="errorHandling">
        <method signature="ErrorValidations.LoginErrorValidation()[pri:0, instance:Project_K.test.ErrorValidations@248e319b]" name="LoginErrorValidation" class="Project_K.test.ErrorValidations"/>
        <method signature="ErrorValidations.productValidation()[pri:0, instance:Project_K.test.ErrorValidations@248e319b]" name="productValidation" class="Project_K.test.ErrorValidations"/>
      </group> <!-- errorHandling -->
    </groups>
    <test started-at="2026-04-06T18:37:46 IST" name="Submit Order Test" finished-at="2026-04-06T18:37:46 IST" duration-ms="17">
    </test> <!-- Submit Order Test -->
    <test started-at="2026-04-06T18:37:47 IST" name="Error Validations Test" finished-at="2026-04-06T18:38:15 IST" duration-ms="27925">
      <class name="Project_K.test.ErrorValidations">
        <test-method is-config="true" signature="LaunchApplication(java.lang.String)[pri:0, instance:Project_K.test.ErrorValidations@248e319b]" started-at="2026-04-06T18:37:47 IST" name="LaunchApplication" finished-at="2026-04-06T18:37:56 IST" duration-ms="9472" status="PASS">
          <params>
            <param index="0">
              <value>
                <![CDATA[chrome]]>
              </value>
            </param>
          </params>
          <reporter-output>
          </reporter-output>
        </test-method> <!-- LaunchApplication -->
        <test-method signature="LoginErrorValidation()[pri:0, instance:Project_K.test.ErrorValidations@248e319b]" started-at="2026-04-06T18:37:56 IST" name="LoginErrorValidation" finished-at="2026-04-06T18:37:57 IST" duration-ms="475" status="PASS">
          <reporter-output>
          </reporter-output>
        </test-method> <!-- LoginErrorValidation -->
        <test-method is-config="true" signature="close()[pri:0, instance:Project_K.test.ErrorValidations@248e319b]" started-at="2026-04-06T18:37:57 IST" name="close" finished-at="2026-04-06T18:37:57 IST" duration-ms="302" status="PASS">
          <reporter-output>
          </reporter-output>
        </test-method> <!-- close -->
        <test-method is-config="true" signature="LaunchApplication(java.lang.String)[pri:0, instance:Project_K.test.ErrorValidations@248e319b]" started-at="2026-04-06T18:37:57 IST" name="LaunchApplication" finished-at="2026-04-06T18:38:01 IST" duration-ms="3931" status="PASS">
          <params>
            <param index="0">
              <value>
                <![CDATA[chrome]]>
              </value>
            </param>
          </params>
          <reporter-output>
          </reporter-output>
        </test-method> <!-- LaunchApplication -->
        <test-method signature="productValidation()[pri:0, instance:Project_K.test.ErrorValidations@248e319b]" started-at="2026-04-06T18:38:01 IST" name="productValidation" finished-at="2026-04-06T18:38:14 IST" duration-ms="13420" status="PASS">
          <reporter-output>
          </reporter-output>
        </test-method> <!-- productValidation -->
        <test-method is-config="true" signature="close()[pri:0, instance:Project_K.test.ErrorValidations@248e319b]" started-at="2026-04-06T18:38:14 IST" name="close" finished-at="2026-04-06T18:38:15 IST" duration-ms="278" status="PASS">
          <reporter-output>
          </reporter-output>
        </test-method> <!-- close -->
      </class> <!-- Project_K.test.ErrorValidations -->
    </test> <!-- Error Validations Test -->
  </suite> <!-- Suite -->
</testng-results>
