<?xml version="1.0" encoding="UTF-8"?>
<testng-results ignored="2" total="4" passed="1" failed="1" skipped="0">
  <reporter-output>
  </reporter-output>
  <suite started-at="2026-04-06T16:30:22 IST" name="Suite" finished-at="2026-04-06T16:30:47 IST" duration-ms="24564">
    <groups>
      <group name="errorHandling">
        <method signature="ErrorValidations.LoginErrorValidation()[pri:0, instance:Project_K.test.ErrorValidations@26adfd2d]" name="LoginErrorValidation" class="Project_K.test.ErrorValidations"/>
        <method signature="ErrorValidations.productValidation()[pri:0, instance:Project_K.test.ErrorValidations@26adfd2d]" name="productValidation" class="Project_K.test.ErrorValidations"/>
      </group> <!-- errorHandling -->
    </groups>
    <test started-at="2026-04-06T16:30:22 IST" name="Submit Order Test" finished-at="2026-04-06T16:30:22 IST" duration-ms="12">
    </test> <!-- Submit Order Test -->
    <test started-at="2026-04-06T16:30:23 IST" name="Error Validations Test" finished-at="2026-04-06T16:30:47 IST" duration-ms="24164">
      <class name="Project_K.test.ErrorValidations">
        <test-method is-config="true" signature="LaunchApplication(java.lang.String)[pri:0, instance:Project_K.test.ErrorValidations@26adfd2d]" started-at="2026-04-06T16:30:23 IST" name="LaunchApplication" finished-at="2026-04-06T16:30:28 IST" duration-ms="5425" status="PASS">
          <params>
            <param index="0">
              <value>
                <![CDATA[chrome]]>
              </value>
            </param>
          </params>
          <reporter-output>
          </reporter-output>
        </test-method> <!-- LaunchApplication -->
        <test-method signature="LoginErrorValidation()[pri:0, instance:Project_K.test.ErrorValidations@26adfd2d]" started-at="2026-04-06T16:30:28 IST" name="LoginErrorValidation" finished-at="2026-04-06T16:30:29 IST" duration-ms="535" status="FAIL">
          <exception class="java.lang.AssertionError">
            <message>
              <![CDATA[expected [Incorrect email or password.] but found [Incorrect email or passwor.]]]>
            </message>
            <full-stacktrace>
              <![CDATA[java.lang.AssertionError: expected [Incorrect email or password.] but found [Incorrect email or passwor.]
at org.testng.Assert.fail(Assert.java:111)
at org.testng.Assert.failNotEquals(Assert.java:1590)
at org.testng.Assert.assertEqualsImpl(Assert.java:150)
at org.testng.Assert.assertEquals(Assert.java:132)
at org.testng.Assert.assertEquals(Assert.java:656)
at org.testng.Assert.assertEquals(Assert.java:666)
at Project_K.test.ErrorValidations.LoginErrorValidation(ErrorValidations.java:22)
at java.base/jdk.internal.reflect.DirectMethodHandleAccessor.invoke(DirectMethodHandleAccessor.java:103)
at java.base/java.lang.reflect.Method.invoke(Method.java:580)
at org.testng.internal.invokers.MethodInvocationHelper.invokeMethod(MethodInvocationHelper.java:141)
at org.testng.internal.invokers.TestInvoker.invokeMethod(TestInvoker.java:697)
at org.testng.internal.invokers.TestInvoker.invokeTestMethod(TestInvoker.java:230)
at org.testng.internal.invokers.MethodRunner.runInSequence(MethodRunner.java:63)
at org.testng.internal.invokers.TestInvoker$MethodInvocationAgent.invoke(TestInvoker.java:1005)
at org.testng.internal.invokers.TestInvoker.invokeTestMethods(TestInvoker.java:203)
at org.testng.internal.invokers.TestMethodWorker.invokeTestMethods(TestMethodWorker.java:154)
at org.testng.internal.invokers.TestMethodWorker.run(TestMethodWorker.java:134)
at java.base/java.util.ArrayList.forEach(ArrayList.java:1596)
at org.testng.TestRunner.privateRun(TestRunner.java:744)
at org.testng.TestRunner.run(TestRunner.java:616)
at org.testng.SuiteRunner.runTest(SuiteRunner.java:421)
at org.testng.SuiteRunner.runSequentially(SuiteRunner.java:413)
at org.testng.SuiteRunner.privateRun(SuiteRunner.java:373)
at org.testng.SuiteRunner.run(SuiteRunner.java:312)
at org.testng.SuiteRunnerWorker.runSuite(SuiteRunnerWorker.java:52)
at org.testng.SuiteRunnerWorker.run(SuiteRunnerWorker.java:95)
at org.testng.TestNG.runSuitesSequentially(TestNG.java:1274)
at org.testng.TestNG.runSuitesLocally(TestNG.java:1208)
at org.testng.TestNG.runSuites(TestNG.java:1112)
at org.testng.TestNG.run(TestNG.java:1079)
at org.testng.remote.AbstractRemoteTestNG.run(AbstractRemoteTestNG.java:115)
at org.testng.remote.RemoteTestNG.initAndRun(RemoteTestNG.java:293)
at org.testng.remote.RemoteTestNG.main(RemoteTestNG.java:91)
]]>
            </full-stacktrace>
          </exception> <!-- java.lang.AssertionError -->
          <reporter-output>
          </reporter-output>
        </test-method> <!-- LoginErrorValidation -->
        <test-method is-config="true" signature="close()[pri:0, instance:Project_K.test.ErrorValidations@26adfd2d]" started-at="2026-04-06T16:30:29 IST" name="close" finished-at="2026-04-06T16:30:30 IST" duration-ms="538" status="PASS">
          <reporter-output>
          </reporter-output>
        </test-method> <!-- close -->
        <test-method is-config="true" signature="LaunchApplication(java.lang.String)[pri:0, instance:Project_K.test.ErrorValidations@26adfd2d]" started-at="2026-04-06T16:30:30 IST" name="LaunchApplication" finished-at="2026-04-06T16:30:33 IST" duration-ms="3767" status="PASS">
          <params>
            <param index="0">
              <value>
                <![CDATA[chrome]]>
              </value>
            </param>
          </params>
          <reporter-output>
          </reporter-output>
        </test-method> <!-- LaunchApplication -->
        <test-method signature="productValidation()[pri:0, instance:Project_K.test.ErrorValidations@26adfd2d]" started-at="2026-04-06T16:30:33 IST" name="productValidation" finished-at="2026-04-06T16:30:46 IST" duration-ms="13199" status="PASS">
          <reporter-output>
          </reporter-output>
        </test-method> <!-- productValidation -->
        <test-method is-config="true" signature="close()[pri:0, instance:Project_K.test.ErrorValidations@26adfd2d]" started-at="2026-04-06T16:30:46 IST" name="close" finished-at="2026-04-06T16:30:47 IST" duration-ms="378" status="PASS">
          <reporter-output>
          </reporter-output>
        </test-method> <!-- close -->
      </class> <!-- Project_K.test.ErrorValidations -->
    </test> <!-- Error Validations Test -->
  </suite> <!-- Suite -->
</testng-results>
