<?xml version="1.0" encoding="UTF-8"?>
<!-- Generated by org.testng.reporters.JUnitReportReporter -->
<testsuite hostname="DESKTOP-JA66JT5" failures="0" tests="2" name="Project_K.test.ErrorValidations" time="25.962" errors="0" timestamp="2026-04-07T21:08:35 IST" skipped="0">
  <testcase classname="Project_K.test.ErrorValidations" name="LoginErrorValidation" time="8.642"/>
  <testcase classname="Project_K.test.ErrorValidations" name="productValidation" time="17.320"/>
</testsuite> <!-- Project_K.test.ErrorValidations -->
