<?xml version="1.0" encoding="UTF-8"?>
<!-- Generated by org.testng.reporters.JUnitReportReporter -->
<testsuite hostname="DESKTOP-JA66JT5" failures="0" tests="3" name="Project_K.test.SubmitOrderTest" time="78.911" errors="0" timestamp="2026-04-05T12:26:46 IST" skipped="0">
  <testcase classname="Project_K.test.SubmitOrderTest" name="SubmitOrder" time="18.804"/>
  <testcase classname="Project_K.test.SubmitOrderTest" name="SubmitOrder" time="53.609"/>
  <testcase classname="Project_K.test.SubmitOrderTest" name="OrderHistoryTest" time="6.498"/>
</testsuite> <!-- Project_K.test.SubmitOrderTest -->
