<?xml version="1.0" encoding="UTF-8"?>
<!-- Generated by org.testng.reporters.JUnitXMLReporter -->
<testsuite ignored="1" hostname="DESKTOP-JA66JT5" failures="0" tests="1" name="ChromeTest" time="15.259" errors="0" timestamp="2026-04-06T16:14:17 IST">
  <testcase classname="Project_K.test.ErrorValidations" name="LoginErrorValidation" time="2.233"/>
  <testcase classname="Project_K.test.ErrorValidations" name="productValidation" time="0.0">
    <ignored/>
  </testcase> <!-- productValidation -->
</testsuite> <!-- ChromeTest -->
