<?xml version="1.0" encoding="UTF-8"?>
<!-- Generated by org.testng.reporters.JUnitXMLReporter -->
<testsuite ignored="0" hostname="DESKTOP-JA66JT5" failures="1" tests="3" name="EdgeTest" time="60.174" errors="0" timestamp="2026-04-07T20:55:55 IST">
  <testcase classname="Project_K.test.ErrorValidations" name="LoginErrorValidation" time="7.799"/>
  <testcase classname="Project_K.test.ErrorValidations" name="productValidation" time="1.348">
    <skipped/>
  </testcase> <!-- productValidation -->
  <testcase classname="Project_K.test.ErrorValidations" name="productValidation" time="2.458">
    <failure type="org.openqa.selenium.ElementClickInterceptedException" message="element click intercepted: Element is not clickable at point (238, 396)
  (Session info: MicrosoftEdge=146.0.3856.97)
Build info: version: &amp;apos;4.41.0&amp;apos;, revision: &amp;apos;9fc754f&amp;apos;
System info: os.name: &amp;apos;Windows 11&amp;apos;, os.arch: &amp;apos;amd64&amp;apos;, os.version: &amp;apos;10.0&amp;apos;, java.version: &amp;apos;21.0.8&amp;apos;
Driver info: org.openqa.selenium.edge.EdgeDriver
Command: [baf9ca2059a0314d747de12277b939b2, clickElement {id=f.F38E772B4B7EC6D95DB3468C9C6653BE.d.002E85A3EEEC7E8862B3BA37B411C5E1.e.5}]
Capabilities {acceptInsecureCerts: false, browserName: MicrosoftEdge, browserVersion: 146.0.3856.97, fedcm:accounts: true, goog:processID: 30868, ms:edgeOptions: {debuggerAddress: localhost:58482}, msedge: {msedgedriverVersion: 146.0.3856.109 (4ea56166594..., userDataDir: C:\Users\Admin\AppData\Loca...}, networkConnectionEnabled: false, pageLoadStrategy: normal, platformName: windows, proxy: Proxy(), se:cdp: ws://localhost:58482/devtoo..., se:cdpVersion: 146.0.3856.97, setWindowRect: true, strictFileInteractability: false, timeouts: {implicit: 0, pageLoad: 300000, script: 30000}, unhandledPromptBehavior: dismiss and notify, webauthn:extension:credBlob: true, webauthn:extension:largeBlob: true, webauthn:extension:minPinLength: true, webauthn:extension:prf: true, webauthn:virtualAuthenticators: true}
Element: [[EdgeDriver: MicrosoftEdge on windows (baf9ca2059a0314d747de12277b939b2)] -&amp;gt; id: login]
Session ID: baf9ca2059a0314d747de12277b939b2">
      <![CDATA[org.openqa.selenium.ElementClickInterceptedException: element click intercepted: Element is not clickable at point (238, 396)
  (Session info: MicrosoftEdge=146.0.3856.97)
Build info: version: '4.41.0', revision: '9fc754f'
System info: os.name: 'Windows 11', os.arch: 'amd64', os.version: '10.0', java.version: '21.0.8'
Driver info: org.openqa.selenium.edge.EdgeDriver
Command: [baf9ca2059a0314d747de12277b939b2, clickElement {id=f.F38E772B4B7EC6D95DB3468C9C6653BE.d.002E85A3EEEC7E8862B3BA37B411C5E1.e.5}]
Capabilities {acceptInsecureCerts: false, browserName: MicrosoftEdge, browserVersion: 146.0.3856.97, fedcm:accounts: true, goog:processID: 30868, ms:edgeOptions: {debuggerAddress: localhost:58482}, msedge: {msedgedriverVersion: 146.0.3856.109 (4ea56166594..., userDataDir: C:\Users\Admin\AppData\Loca...}, networkConnectionEnabled: false, pageLoadStrategy: normal, platformName: windows, proxy: Proxy(), se:cdp: ws://localhost:58482/devtoo..., se:cdpVersion: 146.0.3856.97, setWindowRect: true, strictFileInteractability: false, timeouts: {implicit: 0, pageLoad: 300000, script: 30000}, unhandledPromptBehavior: dismiss and notify, webauthn:extension:credBlob: true, webauthn:extension:largeBlob: true, webauthn:extension:minPinLength: true, webauthn:extension:prf: true, webauthn:virtualAuthenticators: true}
Element: [[EdgeDriver: MicrosoftEdge on windows (baf9ca2059a0314d747de12277b939b2)] -> id: login]
Session ID: baf9ca2059a0314d747de12277b939b2
at org.openqa.selenium.remote.ErrorCodec.decode(ErrorCodec.java:169)
at org.openqa.selenium.remote.codec.w3c.W3CHttpResponseCodec.decode(W3CHttpResponseCodec.java:142)
at org.openqa.selenium.remote.codec.w3c.W3CHttpResponseCodec.decode(W3CHttpResponseCodec.java:49)
at org.openqa.selenium.remote.HttpCommandExecutor.execute(HttpCommandExecutor.java:223)
at org.openqa.selenium.remote.service.DriverCommandExecutor.invokeExecute(DriverCommandExecutor.java:216)
at org.openqa.selenium.remote.service.DriverCommandExecutor.execute(DriverCommandExecutor.java:174)
at org.openqa.selenium.remote.RemoteWebDriver.execute(RemoteWebDriver.java:604)
at org.openqa.selenium.remote.RemoteWebElement.execute(RemoteWebElement.java:223)
at org.openqa.selenium.remote.RemoteWebElement.click(RemoteWebElement.java:76)
at org.openqa.selenium.support.pagefactory.internal.LocatingElementHandler.invoke(LocatingElementHandler.java:51)
at jdk.proxy2/jdk.proxy2.$Proxy17.click(Unknown Source)
at Project_K.SeleniumFrameworkDesign.Landingpage.loginApplication(Landingpage.java:43)
at Project_K.test.ErrorValidations.productValidation(ErrorValidations.java:28)
at java.base/java.util.ArrayList.forEach(ArrayList.java:1596)
at java.base/java.util.concurrent.FutureTask.run(FutureTask.java:317)
at java.base/java.util.concurrent.ThreadPoolExecutor.runWorker(ThreadPoolExecutor.java:1144)
at java.base/java.util.concurrent.ThreadPoolExecutor$Worker.run(ThreadPoolExecutor.java:642)
at java.base/java.lang.Thread.run(Thread.java:1583)
... Removed 17 stack frames]]>
    </failure>
  </testcase> <!-- productValidation -->
</testsuite> <!-- EdgeTest -->
