<?xml version="1.0" encoding="UTF-8"?>
<!-- Generated by org.testng.reporters.JUnitXMLReporter -->
<testsuite ignored="0" hostname="DESKTOP-JA66JT5" failures="1" tests="3" name="FirefoxTest" time="79.91" errors="0" timestamp="2026-04-07T20:56:13 IST">
  <testcase classname="Project_K.test.ErrorValidations" name="LoginErrorValidation" time="2.408"/>
  <testcase classname="Project_K.test.ErrorValidations" name="productValidation" time="1.839">
    <skipped/>
  </testcase> <!-- productValidation -->
  <testcase classname="Project_K.test.ErrorValidations" name="productValidation" time="0.689">
    <failure type="org.openqa.selenium.ElementNotInteractableException" message="Element &amp;lt;button class=&amp;quot;btn w-10 rounded&amp;quot;&amp;gt; could not be scrolled into view
Build info: version: &amp;apos;4.41.0&amp;apos;, revision: &amp;apos;9fc754f&amp;apos;
System info: os.name: &amp;apos;Windows 11&amp;apos;, os.arch: &amp;apos;amd64&amp;apos;, os.version: &amp;apos;10.0&amp;apos;, java.version: &amp;apos;21.0.8&amp;apos;
Driver info: org.openqa.selenium.firefox.FirefoxDriver
Command: [4b780b17-e4bd-4aa1-925d-982b77e9d304, clickElement {id=d17e9cee-a249-48e8-9431-e32b6739425d}]
Capabilities {acceptInsecureCerts: true, browserName: firefox, browserVersion: 143.0, moz:accessibilityChecks: false, moz:buildID: 20250908174027, moz:geckodriverVersion: 0.36.0, moz:headless: false, moz:platformVersion: 10.0, moz:processID: 40672, moz:profile: C:\Users\Admin\AppData\Loca..., moz:shutdownTimeout: 60000, moz:webdriverClick: true, moz:windowless: false, pageLoadStrategy: normal, platformName: windows, proxy: Proxy(), setWindowRect: true, strictFileInteractability: false, timeouts: {implicit: 0, pageLoad: 300000, script: 30000}, unhandledPromptBehavior: dismiss and notify, userAgent: Mozilla/5.0 (Windows NT 10....}
Element: [[[[FirefoxDriver: firefox on windows (4b780b17-e4bd-4aa1-925d-982b77e9d304)] -&amp;gt; css selector: .mb-3]] -&amp;gt; css selector: .card-body button:last-of-type]
Session ID: 4b780b17-e4bd-4aa1-925d-982b77e9d304">
      <![CDATA[org.openqa.selenium.ElementNotInteractableException: Element <button class="btn w-10 rounded"> could not be scrolled into view
Build info: version: '4.41.0', revision: '9fc754f'
System info: os.name: 'Windows 11', os.arch: 'amd64', os.version: '10.0', java.version: '21.0.8'
Driver info: org.openqa.selenium.firefox.FirefoxDriver
Command: [4b780b17-e4bd-4aa1-925d-982b77e9d304, clickElement {id=d17e9cee-a249-48e8-9431-e32b6739425d}]
Capabilities {acceptInsecureCerts: true, browserName: firefox, browserVersion: 143.0, moz:accessibilityChecks: false, moz:buildID: 20250908174027, moz:geckodriverVersion: 0.36.0, moz:headless: false, moz:platformVersion: 10.0, moz:processID: 40672, moz:profile: C:\Users\Admin\AppData\Loca..., moz:shutdownTimeout: 60000, moz:webdriverClick: true, moz:windowless: false, pageLoadStrategy: normal, platformName: windows, proxy: Proxy(), setWindowRect: true, strictFileInteractability: false, timeouts: {implicit: 0, pageLoad: 300000, script: 30000}, unhandledPromptBehavior: dismiss and notify, userAgent: Mozilla/5.0 (Windows NT 10....}
Element: [[[[FirefoxDriver: firefox on windows (4b780b17-e4bd-4aa1-925d-982b77e9d304)] -> css selector: .mb-3]] -> css selector: .card-body button:last-of-type]
Session ID: 4b780b17-e4bd-4aa1-925d-982b77e9d304
at org.openqa.selenium.remote.ErrorCodec.decode(ErrorCodec.java:169)
at org.openqa.selenium.remote.codec.w3c.W3CHttpResponseCodec.decode(W3CHttpResponseCodec.java:142)
at org.openqa.selenium.remote.codec.w3c.W3CHttpResponseCodec.decode(W3CHttpResponseCodec.java:49)
at org.openqa.selenium.remote.HttpCommandExecutor.execute(HttpCommandExecutor.java:223)
at org.openqa.selenium.remote.service.DriverCommandExecutor.invokeExecute(DriverCommandExecutor.java:216)
at org.openqa.selenium.remote.service.DriverCommandExecutor.execute(DriverCommandExecutor.java:174)
at org.openqa.selenium.remote.RemoteWebDriver.execute(RemoteWebDriver.java:604)
at org.openqa.selenium.remote.RemoteWebElement.execute(RemoteWebElement.java:223)
at org.openqa.selenium.remote.RemoteWebElement.click(RemoteWebElement.java:76)
at Project_K.SeleniumFrameworkDesign.ProductCatalogue.addProductToCart(ProductCatalogue.java:48)
at Project_K.test.ErrorValidations.productValidation(ErrorValidations.java:30)
at java.base/java.util.ArrayList.forEach(ArrayList.java:1596)
at java.base/java.util.concurrent.FutureTask.run(FutureTask.java:317)
at java.base/java.util.concurrent.ThreadPoolExecutor.runWorker(ThreadPoolExecutor.java:1144)
at java.base/java.util.concurrent.ThreadPoolExecutor$Worker.run(ThreadPoolExecutor.java:642)
at java.base/java.lang.Thread.run(Thread.java:1583)
... Removed 15 stack frames]]>
    </failure>
  </testcase> <!-- productValidation -->
</testsuite> <!-- FirefoxTest -->
