<?xml version="1.0" encoding="UTF-8"?>
<!-- Generated by org.testng.reporters.JUnitReportReporter -->
<testsuite hostname="DESKTOP-JA66JT5" failures="0" tests="2" name="Project_K.test.ErrorValidations" time="27.878" errors="0" timestamp="2026-04-06T18:38:15 IST" skipped="0">
  <testcase classname="Project_K.test.ErrorValidations" name="productValidation" time="17.653"/>
  <testcase classname="Project_K.test.ErrorValidations" name="LoginErrorValidation" time="10.225"/>
</testsuite> <!-- Project_K.test.ErrorValidations -->
