<?xml version="1.0" encoding="UTF-8"?>
<!-- Generated by org.testng.reporters.JUnitReportReporter -->
<testsuite hostname="DESKTOP-JA66JT5" failures="0" tests="3" name="Project_K.test.SubmitOrderTest" time="55.920" errors="0" timestamp="2026-04-06T17:47:18 IST" skipped="0">
  <testcase classname="Project_K.test.SubmitOrderTest" name="SubmitOrder" time="28.587"/>
  <testcase classname="Project_K.test.SubmitOrderTest" name="SubmitOrder" time="19.176"/>
  <testcase classname="Project_K.test.SubmitOrderTest" name="OrderHistoryTest" time="8.157"/>
</testsuite> <!-- Project_K.test.SubmitOrderTest -->
